Determining if the pthread_create exist failed with the following output:
Change Dir: /home/fernandomierhicks/roboStilt/build/CMakeFiles/CMakeTmp

Run Build Command:"/usr/bin/make" "cmTC_5a296/fast"
/usr/bin/make -f CMakeFiles/cmTC_5a296.dir/build.make CMakeFiles/cmTC_5a296.dir/build
make[1]: Entering directory '/home/fernandomierhicks/roboStilt/build/CMakeFiles/CMakeTmp'
Building C object CMakeFiles/cmTC_5a296.dir/CheckSymbolExists.c.o
/usr/bin/cc     -o CMakeFiles/cmTC_5a296.dir/CheckSymbolExists.c.o   -c /home/fernandomierhicks/roboStilt/build/CMakeFiles/CMakeTmp/CheckSymbolExists.c
Linking C executable cmTC_5a296
/usr/bin/cmake -E cmake_link_script CMakeFiles/cmTC_5a296.dir/link.txt --verbose=1
/usr/bin/cc       CMakeFiles/cmTC_5a296.dir/CheckSymbolExists.c.o  -o cmTC_5a296 -rdynamic 
CMakeFiles/cmTC_5a296.dir/CheckSymbolExists.c.o: In function `main':
CheckSymbolExists.c:(.text+0x16): undefined reference to `pthread_create'
collect2: error: ld returned 1 exit status
CMakeFiles/cmTC_5a296.dir/build.make:97: recipe for target 'cmTC_5a296' failed
make[1]: *** [cmTC_5a296] Error 1
make[1]: Leaving directory '/home/fernandomierhicks/roboStilt/build/CMakeFiles/CMakeTmp'
Makefile:126: recipe for target 'cmTC_5a296/fast' failed
make: *** [cmTC_5a296/fast] Error 2

File /home/fernandomierhicks/roboStilt/build/CMakeFiles/CMakeTmp/CheckSymbolExists.c:
/* */
#include <pthread.h>

int main(int argc, char** argv)
{
  (void)argv;
#ifndef pthread_create
  return ((int*)(&pthread_create))[argc];
#else
  (void)argc;
  return 0;
#endif
}

Determining if the function pthread_create exists in the pthreads failed with the following output:
Change Dir: /home/fernandomierhicks/roboStilt/build/CMakeFiles/CMakeTmp

Run Build Command:"/usr/bin/make" "cmTC_29501/fast"
/usr/bin/make -f CMakeFiles/cmTC_29501.dir/build.make CMakeFiles/cmTC_29501.dir/build
make[1]: Entering directory '/home/fernandomierhicks/roboStilt/build/CMakeFiles/CMakeTmp'
Building C object CMakeFiles/cmTC_29501.dir/CheckFunctionExists.c.o
/usr/bin/cc    -DCHECK_FUNCTION_EXISTS=pthread_create   -o CMakeFiles/cmTC_29501.dir/CheckFunctionExists.c.o   -c /usr/share/cmake-3.5/Modules/CheckFunctionExists.c
Linking C executable cmTC_29501
/usr/bin/cmake -E cmake_link_script CMakeFiles/cmTC_29501.dir/link.txt --verbose=1
/usr/bin/cc   -DCHECK_FUNCTION_EXISTS=pthread_create    CMakeFiles/cmTC_29501.dir/CheckFunctionExists.c.o  -o cmTC_29501 -rdynamic -lpthreads 
/usr/bin/ld: cannot find -lpthreads
collect2: error: ld returned 1 exit status
CMakeFiles/cmTC_29501.dir/build.make:97: recipe for target 'cmTC_29501' failed
make[1]: *** [cmTC_29501] Error 1
make[1]: Leaving directory '/home/fernandomierhicks/roboStilt/build/CMakeFiles/CMakeTmp'
Makefile:126: recipe for target 'cmTC_29501/fast' failed
make: *** [cmTC_29501/fast] Error 2


